  DBM.cpp
C:\Users\czuba\source\repos\SBD_PROJ2\SBD_PROJ2\IndexFile.h(9,15): error C2065: "R_sizeOfRecord": niezadeklarowany identyfikator
  (kompilowanie pliku źródłowego „DBM.cpp”)
  
C:\Users\czuba\source\repos\SBD_PROJ2\SBD_PROJ2\IndexFile.h(15,22): error C2065: "R_sizeOfRecord": niezadeklarowany identyfikator
  (kompilowanie pliku źródłowego „DBM.cpp”)
  
C:\Users\czuba\source\repos\SBD_PROJ2\SBD_PROJ2\IndexFile.h(16,14): error C3863: nie można przydzielać typu tablicy „char [0]”
  (kompilowanie pliku źródłowego „DBM.cpp”)
  
C:\Users\czuba\source\repos\SBD_PROJ2\SBD_PROJ2\IndexFile.h(22,3): error C2027: wykorzystanie niezdefiniowanego przez użytkownika typu "std::basic_fstream<char,std::char_traits<char>>"
  (kompilowanie pliku źródłowego „DBM.cpp”)
      C:\Program Files\Microsoft Visual Studio\2022\Community\VC\Tools\MSVC\14.44.35207\include\iosfwd(209,7):
      zobacz deklarację „std::basic_fstream<char,std::char_traits<char>>”
  
C:\Users\czuba\source\repos\SBD_PROJ2\SBD_PROJ2\IndexFile.h(22,11): warning C4312: "typ rzutowania": konwersja z "int" na "char *" jest większej wielkości
  (kompilowanie pliku źródłowego „DBM.cpp”)
  
C:\Users\czuba\source\repos\SBD_PROJ2\SBD_PROJ2\IndexFile.h(23,3): error C2027: wykorzystanie niezdefiniowanego przez użytkownika typu "std::basic_fstream<char,std::char_traits<char>>"
  (kompilowanie pliku źródłowego „DBM.cpp”)
      C:\Program Files\Microsoft Visual Studio\2022\Community\VC\Tools\MSVC\14.44.35207\include\iosfwd(209,7):
      zobacz deklarację „std::basic_fstream<char,std::char_traits<char>>”
  
C:\Users\czuba\source\repos\SBD_PROJ2\SBD_PROJ2\IndexFile.h(23,11): warning C4312: "typ rzutowania": konwersja z "int" na "char *" jest większej wielkości
  (kompilowanie pliku źródłowego „DBM.cpp”)
  
C:\Users\czuba\source\repos\SBD_PROJ2\SBD_PROJ2\IndexFile.h(24,3): error C2027: wykorzystanie niezdefiniowanego przez użytkownika typu "std::basic_fstream<char,std::char_traits<char>>"
  (kompilowanie pliku źródłowego „DBM.cpp”)
      C:\Program Files\Microsoft Visual Studio\2022\Community\VC\Tools\MSVC\14.44.35207\include\iosfwd(209,7):
      zobacz deklarację „std::basic_fstream<char,std::char_traits<char>>”
  
C:\Users\czuba\source\repos\SBD_PROJ2\SBD_PROJ2\IndexFile.h(24,11): warning C4312: "typ rzutowania": konwersja z "int" na "char *" jest większej wielkości
  (kompilowanie pliku źródłowego „DBM.cpp”)
  
C:\Users\czuba\source\repos\SBD_PROJ2\SBD_PROJ2\IndexFile.h(25,3): error C2027: wykorzystanie niezdefiniowanego przez użytkownika typu "std::basic_fstream<char,std::char_traits<char>>"
  (kompilowanie pliku źródłowego „DBM.cpp”)
      C:\Program Files\Microsoft Visual Studio\2022\Community\VC\Tools\MSVC\14.44.35207\include\iosfwd(209,7):
      zobacz deklarację „std::basic_fstream<char,std::char_traits<char>>”
  
C:\Users\czuba\source\repos\SBD_PROJ2\SBD_PROJ2\IndexFile.h(25,28): error C2065: "R_sizeOfRecord": niezadeklarowany identyfikator
  (kompilowanie pliku źródłowego „DBM.cpp”)
  
C:\Users\czuba\source\repos\SBD_PROJ2\SBD_PROJ2\IndexFile.h(30,3): error C2027: wykorzystanie niezdefiniowanego przez użytkownika typu "std::basic_fstream<char,std::char_traits<char>>"
  (kompilowanie pliku źródłowego „DBM.cpp”)
      C:\Program Files\Microsoft Visual Studio\2022\Community\VC\Tools\MSVC\14.44.35207\include\iosfwd(209,7):
      zobacz deklarację „std::basic_fstream<char,std::char_traits<char>>”
  
C:\Users\czuba\source\repos\SBD_PROJ2\SBD_PROJ2\IndexFile.h(30,12): warning C4312: "typ rzutowania": konwersja z "int" na "char *" jest większej wielkości
  (kompilowanie pliku źródłowego „DBM.cpp”)
  
C:\Users\czuba\source\repos\SBD_PROJ2\SBD_PROJ2\IndexFile.h(31,3): error C2027: wykorzystanie niezdefiniowanego przez użytkownika typu "std::basic_fstream<char,std::char_traits<char>>"
  (kompilowanie pliku źródłowego „DBM.cpp”)
      C:\Program Files\Microsoft Visual Studio\2022\Community\VC\Tools\MSVC\14.44.35207\include\iosfwd(209,7):
      zobacz deklarację „std::basic_fstream<char,std::char_traits<char>>”
  
C:\Users\czuba\source\repos\SBD_PROJ2\SBD_PROJ2\IndexFile.h(31,12): warning C4312: "typ rzutowania": konwersja z "int" na "char *" jest większej wielkości
  (kompilowanie pliku źródłowego „DBM.cpp”)
  
C:\Users\czuba\source\repos\SBD_PROJ2\SBD_PROJ2\IndexFile.h(32,3): error C2027: wykorzystanie niezdefiniowanego przez użytkownika typu "std::basic_fstream<char,std::char_traits<char>>"
  (kompilowanie pliku źródłowego „DBM.cpp”)
      C:\Program Files\Microsoft Visual Studio\2022\Community\VC\Tools\MSVC\14.44.35207\include\iosfwd(209,7):
      zobacz deklarację „std::basic_fstream<char,std::char_traits<char>>”
  
C:\Users\czuba\source\repos\SBD_PROJ2\SBD_PROJ2\IndexFile.h(32,12): warning C4312: "typ rzutowania": konwersja z "int" na "char *" jest większej wielkości
  (kompilowanie pliku źródłowego „DBM.cpp”)
  
C:\Users\czuba\source\repos\SBD_PROJ2\SBD_PROJ2\IndexFile.h(33,3): error C2027: wykorzystanie niezdefiniowanego przez użytkownika typu "std::basic_fstream<char,std::char_traits<char>>"
  (kompilowanie pliku źródłowego „DBM.cpp”)
      C:\Program Files\Microsoft Visual Studio\2022\Community\VC\Tools\MSVC\14.44.35207\include\iosfwd(209,7):
      zobacz deklarację „std::basic_fstream<char,std::char_traits<char>>”
  
C:\Users\czuba\source\repos\SBD_PROJ2\SBD_PROJ2\IndexFile.h(33,29): error C2065: "R_sizeOfRecord": niezadeklarowany identyfikator
  (kompilowanie pliku źródłowego „DBM.cpp”)
  
C:\Users\czuba\source\repos\SBD_PROJ2\SBD_PROJ2\IndexFile.h(46,19): error C3861: "R_sizeOfRecord": identyfikatora nie odnaleziono
  (kompilowanie pliku źródłowego „DBM.cpp”)
  
C:\Users\czuba\source\repos\SBD_PROJ2\SBD_PROJ2\IndexFile.h(46,19): error C2065: "R_sizeOfRecord": niezadeklarowany identyfikator
  (kompilowanie pliku źródłowego „DBM.cpp”)
  
C:\Users\czuba\source\repos\SBD_PROJ2\SBD_PROJ2\DBM.h(28,18): error C2079: "DBM::overflowManager" używa niezdefiniowanego class "OverflowManager"
  (kompilowanie pliku źródłowego „DBM.cpp”)
  
C:\Users\czuba\source\repos\SBD_PROJ2\SBD_PROJ2\DBM.cpp(8,1): error C2512: "IndexFile": niedostępny odpowiedni konstruktor domyślny
      C:\Users\czuba\source\repos\SBD_PROJ2\SBD_PROJ2\IndexFile.h(41,7):
      zobacz deklarację „IndexFile”
  
  IndexFile.cpp
C:\Users\czuba\source\repos\SBD_PROJ2\SBD_PROJ2\IndexFile.h(9,15): error C2065: "R_sizeOfRecord": niezadeklarowany identyfikator
  (kompilowanie pliku źródłowego „IndexFile.cpp”)
  
C:\Users\czuba\source\repos\SBD_PROJ2\SBD_PROJ2\IndexFile.h(15,22): error C2065: "R_sizeOfRecord": niezadeklarowany identyfikator
  (kompilowanie pliku źródłowego „IndexFile.cpp”)
  
C:\Users\czuba\source\repos\SBD_PROJ2\SBD_PROJ2\IndexFile.h(16,14): error C3863: nie można przydzielać typu tablicy „char [0]”
  (kompilowanie pliku źródłowego „IndexFile.cpp”)
  
C:\Users\czuba\source\repos\SBD_PROJ2\SBD_PROJ2\IndexFile.h(22,3): error C2027: wykorzystanie niezdefiniowanego przez użytkownika typu "std::basic_fstream<char,std::char_traits<char>>"
  (kompilowanie pliku źródłowego „IndexFile.cpp”)
      C:\Program Files\Microsoft Visual Studio\2022\Community\VC\Tools\MSVC\14.44.35207\include\iosfwd(209,7):
      zobacz deklarację „std::basic_fstream<char,std::char_traits<char>>”
  
C:\Users\czuba\source\repos\SBD_PROJ2\SBD_PROJ2\IndexFile.h(22,11): warning C4312: "typ rzutowania": konwersja z "int" na "char *" jest większej wielkości
  (kompilowanie pliku źródłowego „IndexFile.cpp”)
  
C:\Users\czuba\source\repos\SBD_PROJ2\SBD_PROJ2\IndexFile.h(23,3): error C2027: wykorzystanie niezdefiniowanego przez użytkownika typu "std::basic_fstream<char,std::char_traits<char>>"
  (kompilowanie pliku źródłowego „IndexFile.cpp”)
      C:\Program Files\Microsoft Visual Studio\2022\Community\VC\Tools\MSVC\14.44.35207\include\iosfwd(209,7):
      zobacz deklarację „std::basic_fstream<char,std::char_traits<char>>”
  
C:\Users\czuba\source\repos\SBD_PROJ2\SBD_PROJ2\IndexFile.h(23,11): warning C4312: "typ rzutowania": konwersja z "int" na "char *" jest większej wielkości
  (kompilowanie pliku źródłowego „IndexFile.cpp”)
  
C:\Users\czuba\source\repos\SBD_PROJ2\SBD_PROJ2\IndexFile.h(24,3): error C2027: wykorzystanie niezdefiniowanego przez użytkownika typu "std::basic_fstream<char,std::char_traits<char>>"
  (kompilowanie pliku źródłowego „IndexFile.cpp”)
      C:\Program Files\Microsoft Visual Studio\2022\Community\VC\Tools\MSVC\14.44.35207\include\iosfwd(209,7):
      zobacz deklarację „std::basic_fstream<char,std::char_traits<char>>”
  
C:\Users\czuba\source\repos\SBD_PROJ2\SBD_PROJ2\IndexFile.h(24,11): warning C4312: "typ rzutowania": konwersja z "int" na "char *" jest większej wielkości
  (kompilowanie pliku źródłowego „IndexFile.cpp”)
  
C:\Users\czuba\source\repos\SBD_PROJ2\SBD_PROJ2\IndexFile.h(25,3): error C2027: wykorzystanie niezdefiniowanego przez użytkownika typu "std::basic_fstream<char,std::char_traits<char>>"
  (kompilowanie pliku źródłowego „IndexFile.cpp”)
      C:\Program Files\Microsoft Visual Studio\2022\Community\VC\Tools\MSVC\14.44.35207\include\iosfwd(209,7):
      zobacz deklarację „std::basic_fstream<char,std::char_traits<char>>”
  
C:\Users\czuba\source\repos\SBD_PROJ2\SBD_PROJ2\IndexFile.h(25,28): error C2065: "R_sizeOfRecord": niezadeklarowany identyfikator
  (kompilowanie pliku źródłowego „IndexFile.cpp”)
  
C:\Users\czuba\source\repos\SBD_PROJ2\SBD_PROJ2\IndexFile.h(30,3): error C2027: wykorzystanie niezdefiniowanego przez użytkownika typu "std::basic_fstream<char,std::char_traits<char>>"
  (kompilowanie pliku źródłowego „IndexFile.cpp”)
      C:\Program Files\Microsoft Visual Studio\2022\Community\VC\Tools\MSVC\14.44.35207\include\iosfwd(209,7):
      zobacz deklarację „std::basic_fstream<char,std::char_traits<char>>”
  
C:\Users\czuba\source\repos\SBD_PROJ2\SBD_PROJ2\IndexFile.h(30,12): warning C4312: "typ rzutowania": konwersja z "int" na "char *" jest większej wielkości
  (kompilowanie pliku źródłowego „IndexFile.cpp”)
  
C:\Users\czuba\source\repos\SBD_PROJ2\SBD_PROJ2\IndexFile.h(31,3): error C2027: wykorzystanie niezdefiniowanego przez użytkownika typu "std::basic_fstream<char,std::char_traits<char>>"
  (kompilowanie pliku źródłowego „IndexFile.cpp”)
      C:\Program Files\Microsoft Visual Studio\2022\Community\VC\Tools\MSVC\14.44.35207\include\iosfwd(209,7):
      zobacz deklarację „std::basic_fstream<char,std::char_traits<char>>”
  
C:\Users\czuba\source\repos\SBD_PROJ2\SBD_PROJ2\IndexFile.h(31,12): warning C4312: "typ rzutowania": konwersja z "int" na "char *" jest większej wielkości
  (kompilowanie pliku źródłowego „IndexFile.cpp”)
  
C:\Users\czuba\source\repos\SBD_PROJ2\SBD_PROJ2\IndexFile.h(32,3): error C2027: wykorzystanie niezdefiniowanego przez użytkownika typu "std::basic_fstream<char,std::char_traits<char>>"
  (kompilowanie pliku źródłowego „IndexFile.cpp”)
      C:\Program Files\Microsoft Visual Studio\2022\Community\VC\Tools\MSVC\14.44.35207\include\iosfwd(209,7):
      zobacz deklarację „std::basic_fstream<char,std::char_traits<char>>”
  
C:\Users\czuba\source\repos\SBD_PROJ2\SBD_PROJ2\IndexFile.h(32,12): warning C4312: "typ rzutowania": konwersja z "int" na "char *" jest większej wielkości
  (kompilowanie pliku źródłowego „IndexFile.cpp”)
  
C:\Users\czuba\source\repos\SBD_PROJ2\SBD_PROJ2\IndexFile.h(33,3): error C2027: wykorzystanie niezdefiniowanego przez użytkownika typu "std::basic_fstream<char,std::char_traits<char>>"
  (kompilowanie pliku źródłowego „IndexFile.cpp”)
      C:\Program Files\Microsoft Visual Studio\2022\Community\VC\Tools\MSVC\14.44.35207\include\iosfwd(209,7):
      zobacz deklarację „std::basic_fstream<char,std::char_traits<char>>”
  
C:\Users\czuba\source\repos\SBD_PROJ2\SBD_PROJ2\IndexFile.h(33,29): error C2065: "R_sizeOfRecord": niezadeklarowany identyfikator
  (kompilowanie pliku źródłowego „IndexFile.cpp”)
  
C:\Users\czuba\source\repos\SBD_PROJ2\SBD_PROJ2\IndexFile.h(46,19): error C3861: "R_sizeOfRecord": identyfikatora nie odnaleziono
  (kompilowanie pliku źródłowego „IndexFile.cpp”)
  
C:\Users\czuba\source\repos\SBD_PROJ2\SBD_PROJ2\IndexFile.h(46,19): error C2065: "R_sizeOfRecord": niezadeklarowany identyfikator
  (kompilowanie pliku źródłowego „IndexFile.cpp”)
  
C:\Users\czuba\source\repos\SBD_PROJ2\SBD_PROJ2\DBM.h(28,18): error C2079: "DBM::overflowManager" używa niezdefiniowanego class "OverflowManager"
  (kompilowanie pliku źródłowego „IndexFile.cpp”)
  
  OverflowManager.cpp
C:\Users\czuba\source\repos\SBD_PROJ2\SBD_PROJ2\IndexFile.h(9,15): error C2065: "R_sizeOfRecord": niezadeklarowany identyfikator
  (kompilowanie pliku źródłowego „OverflowManager.cpp”)
  
C:\Users\czuba\source\repos\SBD_PROJ2\SBD_PROJ2\IndexFile.h(15,22): error C2065: "R_sizeOfRecord": niezadeklarowany identyfikator
  (kompilowanie pliku źródłowego „OverflowManager.cpp”)
  
C:\Users\czuba\source\repos\SBD_PROJ2\SBD_PROJ2\IndexFile.h(16,14): error C3863: nie można przydzielać typu tablicy „char [0]”
  (kompilowanie pliku źródłowego „OverflowManager.cpp”)
  
C:\Users\czuba\source\repos\SBD_PROJ2\SBD_PROJ2\IndexFile.h(22,3): error C2027: wykorzystanie niezdefiniowanego przez użytkownika typu "std::basic_fstream<char,std::char_traits<char>>"
  (kompilowanie pliku źródłowego „OverflowManager.cpp”)
      C:\Program Files\Microsoft Visual Studio\2022\Community\VC\Tools\MSVC\14.44.35207\include\iosfwd(209,7):
      zobacz deklarację „std::basic_fstream<char,std::char_traits<char>>”
  
C:\Users\czuba\source\repos\SBD_PROJ2\SBD_PROJ2\IndexFile.h(22,11): warning C4312: "typ rzutowania": konwersja z "int" na "char *" jest większej wielkości
  (kompilowanie pliku źródłowego „OverflowManager.cpp”)
  
C:\Users\czuba\source\repos\SBD_PROJ2\SBD_PROJ2\IndexFile.h(23,3): error C2027: wykorzystanie niezdefiniowanego przez użytkownika typu "std::basic_fstream<char,std::char_traits<char>>"
  (kompilowanie pliku źródłowego „OverflowManager.cpp”)
      C:\Program Files\Microsoft Visual Studio\2022\Community\VC\Tools\MSVC\14.44.35207\include\iosfwd(209,7):
      zobacz deklarację „std::basic_fstream<char,std::char_traits<char>>”
  
C:\Users\czuba\source\repos\SBD_PROJ2\SBD_PROJ2\IndexFile.h(23,11): warning C4312: "typ rzutowania": konwersja z "int" na "char *" jest większej wielkości
  (kompilowanie pliku źródłowego „OverflowManager.cpp”)
  
C:\Users\czuba\source\repos\SBD_PROJ2\SBD_PROJ2\IndexFile.h(24,3): error C2027: wykorzystanie niezdefiniowanego przez użytkownika typu "std::basic_fstream<char,std::char_traits<char>>"
  (kompilowanie pliku źródłowego „OverflowManager.cpp”)
      C:\Program Files\Microsoft Visual Studio\2022\Community\VC\Tools\MSVC\14.44.35207\include\iosfwd(209,7):
      zobacz deklarację „std::basic_fstream<char,std::char_traits<char>>”
  
C:\Users\czuba\source\repos\SBD_PROJ2\SBD_PROJ2\IndexFile.h(24,11): warning C4312: "typ rzutowania": konwersja z "int" na "char *" jest większej wielkości
  (kompilowanie pliku źródłowego „OverflowManager.cpp”)
  
C:\Users\czuba\source\repos\SBD_PROJ2\SBD_PROJ2\IndexFile.h(25,3): error C2027: wykorzystanie niezdefiniowanego przez użytkownika typu "std::basic_fstream<char,std::char_traits<char>>"
  (kompilowanie pliku źródłowego „OverflowManager.cpp”)
      C:\Program Files\Microsoft Visual Studio\2022\Community\VC\Tools\MSVC\14.44.35207\include\iosfwd(209,7):
      zobacz deklarację „std::basic_fstream<char,std::char_traits<char>>”
  
C:\Users\czuba\source\repos\SBD_PROJ2\SBD_PROJ2\IndexFile.h(25,28): error C2065: "R_sizeOfRecord": niezadeklarowany identyfikator
  (kompilowanie pliku źródłowego „OverflowManager.cpp”)
  
C:\Users\czuba\source\repos\SBD_PROJ2\SBD_PROJ2\IndexFile.h(30,3): error C2027: wykorzystanie niezdefiniowanego przez użytkownika typu "std::basic_fstream<char,std::char_traits<char>>"
  (kompilowanie pliku źródłowego „OverflowManager.cpp”)
      C:\Program Files\Microsoft Visual Studio\2022\Community\VC\Tools\MSVC\14.44.35207\include\iosfwd(209,7):
      zobacz deklarację „std::basic_fstream<char,std::char_traits<char>>”
  
C:\Users\czuba\source\repos\SBD_PROJ2\SBD_PROJ2\IndexFile.h(30,12): warning C4312: "typ rzutowania": konwersja z "int" na "char *" jest większej wielkości
  (kompilowanie pliku źródłowego „OverflowManager.cpp”)
  
C:\Users\czuba\source\repos\SBD_PROJ2\SBD_PROJ2\IndexFile.h(31,3): error C2027: wykorzystanie niezdefiniowanego przez użytkownika typu "std::basic_fstream<char,std::char_traits<char>>"
  (kompilowanie pliku źródłowego „OverflowManager.cpp”)
      C:\Program Files\Microsoft Visual Studio\2022\Community\VC\Tools\MSVC\14.44.35207\include\iosfwd(209,7):
      zobacz deklarację „std::basic_fstream<char,std::char_traits<char>>”
  
C:\Users\czuba\source\repos\SBD_PROJ2\SBD_PROJ2\IndexFile.h(31,12): warning C4312: "typ rzutowania": konwersja z "int" na "char *" jest większej wielkości
  (kompilowanie pliku źródłowego „OverflowManager.cpp”)
  
C:\Users\czuba\source\repos\SBD_PROJ2\SBD_PROJ2\IndexFile.h(32,3): error C2027: wykorzystanie niezdefiniowanego przez użytkownika typu "std::basic_fstream<char,std::char_traits<char>>"
  (kompilowanie pliku źródłowego „OverflowManager.cpp”)
      C:\Program Files\Microsoft Visual Studio\2022\Community\VC\Tools\MSVC\14.44.35207\include\iosfwd(209,7):
      zobacz deklarację „std::basic_fstream<char,std::char_traits<char>>”
  
C:\Users\czuba\source\repos\SBD_PROJ2\SBD_PROJ2\IndexFile.h(32,12): warning C4312: "typ rzutowania": konwersja z "int" na "char *" jest większej wielkości
  (kompilowanie pliku źródłowego „OverflowManager.cpp”)
  
C:\Users\czuba\source\repos\SBD_PROJ2\SBD_PROJ2\IndexFile.h(33,3): error C2027: wykorzystanie niezdefiniowanego przez użytkownika typu "std::basic_fstream<char,std::char_traits<char>>"
  (kompilowanie pliku źródłowego „OverflowManager.cpp”)
      C:\Program Files\Microsoft Visual Studio\2022\Community\VC\Tools\MSVC\14.44.35207\include\iosfwd(209,7):
      zobacz deklarację „std::basic_fstream<char,std::char_traits<char>>”
  
C:\Users\czuba\source\repos\SBD_PROJ2\SBD_PROJ2\IndexFile.h(33,29): error C2065: "R_sizeOfRecord": niezadeklarowany identyfikator
  (kompilowanie pliku źródłowego „OverflowManager.cpp”)
  
C:\Users\czuba\source\repos\SBD_PROJ2\SBD_PROJ2\IndexFile.h(46,19): error C3861: "R_sizeOfRecord": identyfikatora nie odnaleziono
  (kompilowanie pliku źródłowego „OverflowManager.cpp”)
  
C:\Users\czuba\source\repos\SBD_PROJ2\SBD_PROJ2\IndexFile.h(46,19): error C2065: "R_sizeOfRecord": niezadeklarowany identyfikator
  (kompilowanie pliku źródłowego „OverflowManager.cpp”)
  
C:\Users\czuba\source\repos\SBD_PROJ2\SBD_PROJ2\DBM.h(28,18): error C2079: "DBM::overflowManager" używa niezdefiniowanego class "OverflowManager"
  (kompilowanie pliku źródłowego „OverflowManager.cpp”)
  
  PageBuffer.cpp
C:\Users\czuba\source\repos\SBD_PROJ2\SBD_PROJ2\IndexFile.h(9,15): error C2065: "R_sizeOfRecord": niezadeklarowany identyfikator
  (kompilowanie pliku źródłowego „PageBuffer.cpp”)
  
C:\Users\czuba\source\repos\SBD_PROJ2\SBD_PROJ2\IndexFile.h(15,22): error C2065: "R_sizeOfRecord": niezadeklarowany identyfikator
  (kompilowanie pliku źródłowego „PageBuffer.cpp”)
  
C:\Users\czuba\source\repos\SBD_PROJ2\SBD_PROJ2\IndexFile.h(16,14): error C3863: nie można przydzielać typu tablicy „char [0]”
  (kompilowanie pliku źródłowego „PageBuffer.cpp”)
  
C:\Users\czuba\source\repos\SBD_PROJ2\SBD_PROJ2\IndexFile.h(22,3): error C2027: wykorzystanie niezdefiniowanego przez użytkownika typu "std::basic_fstream<char,std::char_traits<char>>"
  (kompilowanie pliku źródłowego „PageBuffer.cpp”)
      C:\Program Files\Microsoft Visual Studio\2022\Community\VC\Tools\MSVC\14.44.35207\include\iosfwd(209,7):
      zobacz deklarację „std::basic_fstream<char,std::char_traits<char>>”
  
C:\Users\czuba\source\repos\SBD_PROJ2\SBD_PROJ2\IndexFile.h(22,11): warning C4312: "typ rzutowania": konwersja z "int" na "char *" jest większej wielkości
  (kompilowanie pliku źródłowego „PageBuffer.cpp”)
  
C:\Users\czuba\source\repos\SBD_PROJ2\SBD_PROJ2\IndexFile.h(23,3): error C2027: wykorzystanie niezdefiniowanego przez użytkownika typu "std::basic_fstream<char,std::char_traits<char>>"
  (kompilowanie pliku źródłowego „PageBuffer.cpp”)
      C:\Program Files\Microsoft Visual Studio\2022\Community\VC\Tools\MSVC\14.44.35207\include\iosfwd(209,7):
      zobacz deklarację „std::basic_fstream<char,std::char_traits<char>>”
  
C:\Users\czuba\source\repos\SBD_PROJ2\SBD_PROJ2\IndexFile.h(23,11): warning C4312: "typ rzutowania": konwersja z "int" na "char *" jest większej wielkości
  (kompilowanie pliku źródłowego „PageBuffer.cpp”)
  
C:\Users\czuba\source\repos\SBD_PROJ2\SBD_PROJ2\IndexFile.h(24,3): error C2027: wykorzystanie niezdefiniowanego przez użytkownika typu "std::basic_fstream<char,std::char_traits<char>>"
  (kompilowanie pliku źródłowego „PageBuffer.cpp”)
      C:\Program Files\Microsoft Visual Studio\2022\Community\VC\Tools\MSVC\14.44.35207\include\iosfwd(209,7):
      zobacz deklarację „std::basic_fstream<char,std::char_traits<char>>”
  
C:\Users\czuba\source\repos\SBD_PROJ2\SBD_PROJ2\IndexFile.h(24,11): warning C4312: "typ rzutowania": konwersja z "int" na "char *" jest większej wielkości
  (kompilowanie pliku źródłowego „PageBuffer.cpp”)
  
C:\Users\czuba\source\repos\SBD_PROJ2\SBD_PROJ2\IndexFile.h(25,3): error C2027: wykorzystanie niezdefiniowanego przez użytkownika typu "std::basic_fstream<char,std::char_traits<char>>"
  (kompilowanie pliku źródłowego „PageBuffer.cpp”)
      C:\Program Files\Microsoft Visual Studio\2022\Community\VC\Tools\MSVC\14.44.35207\include\iosfwd(209,7):
      zobacz deklarację „std::basic_fstream<char,std::char_traits<char>>”
  
C:\Users\czuba\source\repos\SBD_PROJ2\SBD_PROJ2\IndexFile.h(25,28): error C2065: "R_sizeOfRecord": niezadeklarowany identyfikator
  (kompilowanie pliku źródłowego „PageBuffer.cpp”)
  
C:\Users\czuba\source\repos\SBD_PROJ2\SBD_PROJ2\IndexFile.h(30,3): error C2027: wykorzystanie niezdefiniowanego przez użytkownika typu "std::basic_fstream<char,std::char_traits<char>>"
  (kompilowanie pliku źródłowego „PageBuffer.cpp”)
      C:\Program Files\Microsoft Visual Studio\2022\Community\VC\Tools\MSVC\14.44.35207\include\iosfwd(209,7):
      zobacz deklarację „std::basic_fstream<char,std::char_traits<char>>”
  
C:\Users\czuba\source\repos\SBD_PROJ2\SBD_PROJ2\IndexFile.h(30,12): warning C4312: "typ rzutowania": konwersja z "int" na "char *" jest większej wielkości
  (kompilowanie pliku źródłowego „PageBuffer.cpp”)
  
C:\Users\czuba\source\repos\SBD_PROJ2\SBD_PROJ2\IndexFile.h(31,3): error C2027: wykorzystanie niezdefiniowanego przez użytkownika typu "std::basic_fstream<char,std::char_traits<char>>"
  (kompilowanie pliku źródłowego „PageBuffer.cpp”)
      C:\Program Files\Microsoft Visual Studio\2022\Community\VC\Tools\MSVC\14.44.35207\include\iosfwd(209,7):
      zobacz deklarację „std::basic_fstream<char,std::char_traits<char>>”
  
C:\Users\czuba\source\repos\SBD_PROJ2\SBD_PROJ2\IndexFile.h(31,12): warning C4312: "typ rzutowania": konwersja z "int" na "char *" jest większej wielkości
  (kompilowanie pliku źródłowego „PageBuffer.cpp”)
  
C:\Users\czuba\source\repos\SBD_PROJ2\SBD_PROJ2\IndexFile.h(32,3): error C2027: wykorzystanie niezdefiniowanego przez użytkownika typu "std::basic_fstream<char,std::char_traits<char>>"
  (kompilowanie pliku źródłowego „PageBuffer.cpp”)
      C:\Program Files\Microsoft Visual Studio\2022\Community\VC\Tools\MSVC\14.44.35207\include\iosfwd(209,7):
      zobacz deklarację „std::basic_fstream<char,std::char_traits<char>>”
  
C:\Users\czuba\source\repos\SBD_PROJ2\SBD_PROJ2\IndexFile.h(32,12): warning C4312: "typ rzutowania": konwersja z "int" na "char *" jest większej wielkości
  (kompilowanie pliku źródłowego „PageBuffer.cpp”)
  
C:\Users\czuba\source\repos\SBD_PROJ2\SBD_PROJ2\IndexFile.h(33,3): error C2027: wykorzystanie niezdefiniowanego przez użytkownika typu "std::basic_fstream<char,std::char_traits<char>>"
  (kompilowanie pliku źródłowego „PageBuffer.cpp”)
      C:\Program Files\Microsoft Visual Studio\2022\Community\VC\Tools\MSVC\14.44.35207\include\iosfwd(209,7):
      zobacz deklarację „std::basic_fstream<char,std::char_traits<char>>”
  
C:\Users\czuba\source\repos\SBD_PROJ2\SBD_PROJ2\IndexFile.h(33,29): error C2065: "R_sizeOfRecord": niezadeklarowany identyfikator
  (kompilowanie pliku źródłowego „PageBuffer.cpp”)
  
C:\Users\czuba\source\repos\SBD_PROJ2\SBD_PROJ2\IndexFile.h(46,19): error C3861: "R_sizeOfRecord": identyfikatora nie odnaleziono
  (kompilowanie pliku źródłowego „PageBuffer.cpp”)
  
C:\Users\czuba\source\repos\SBD_PROJ2\SBD_PROJ2\IndexFile.h(46,19): error C2065: "R_sizeOfRecord": niezadeklarowany identyfikator
  (kompilowanie pliku źródłowego „PageBuffer.cpp”)
  
C:\Users\czuba\source\repos\SBD_PROJ2\SBD_PROJ2\DBM.h(28,18): error C2079: "DBM::overflowManager" używa niezdefiniowanego class "OverflowManager"
  (kompilowanie pliku źródłowego „PageBuffer.cpp”)
  
  Record.cpp
C:\Users\czuba\source\repos\SBD_PROJ2\SBD_PROJ2\IndexFile.h(9,15): error C2065: "R_sizeOfRecord": niezadeklarowany identyfikator
  (kompilowanie pliku źródłowego „Record.cpp”)
  
C:\Users\czuba\source\repos\SBD_PROJ2\SBD_PROJ2\IndexFile.h(15,22): error C2065: "R_sizeOfRecord": niezadeklarowany identyfikator
  (kompilowanie pliku źródłowego „Record.cpp”)
  
C:\Users\czuba\source\repos\SBD_PROJ2\SBD_PROJ2\IndexFile.h(16,14): error C3863: nie można przydzielać typu tablicy „char [0]”
  (kompilowanie pliku źródłowego „Record.cpp”)
  
C:\Users\czuba\source\repos\SBD_PROJ2\SBD_PROJ2\IndexFile.h(22,3): error C2027: wykorzystanie niezdefiniowanego przez użytkownika typu "std::basic_fstream<char,std::char_traits<char>>"
  (kompilowanie pliku źródłowego „Record.cpp”)
      C:\Program Files\Microsoft Visual Studio\2022\Community\VC\Tools\MSVC\14.44.35207\include\iosfwd(209,7):
      zobacz deklarację „std::basic_fstream<char,std::char_traits<char>>”
  
C:\Users\czuba\source\repos\SBD_PROJ2\SBD_PROJ2\IndexFile.h(22,11): warning C4312: "typ rzutowania": konwersja z "int" na "char *" jest większej wielkości
  (kompilowanie pliku źródłowego „Record.cpp”)
  
C:\Users\czuba\source\repos\SBD_PROJ2\SBD_PROJ2\IndexFile.h(23,3): error C2027: wykorzystanie niezdefiniowanego przez użytkownika typu "std::basic_fstream<char,std::char_traits<char>>"
  (kompilowanie pliku źródłowego „Record.cpp”)
      C:\Program Files\Microsoft Visual Studio\2022\Community\VC\Tools\MSVC\14.44.35207\include\iosfwd(209,7):
      zobacz deklarację „std::basic_fstream<char,std::char_traits<char>>”
  
C:\Users\czuba\source\repos\SBD_PROJ2\SBD_PROJ2\IndexFile.h(23,11): warning C4312: "typ rzutowania": konwersja z "int" na "char *" jest większej wielkości
  (kompilowanie pliku źródłowego „Record.cpp”)
  
C:\Users\czuba\source\repos\SBD_PROJ2\SBD_PROJ2\IndexFile.h(24,3): error C2027: wykorzystanie niezdefiniowanego przez użytkownika typu "std::basic_fstream<char,std::char_traits<char>>"
  (kompilowanie pliku źródłowego „Record.cpp”)
      C:\Program Files\Microsoft Visual Studio\2022\Community\VC\Tools\MSVC\14.44.35207\include\iosfwd(209,7):
      zobacz deklarację „std::basic_fstream<char,std::char_traits<char>>”
  
C:\Users\czuba\source\repos\SBD_PROJ2\SBD_PROJ2\IndexFile.h(24,11): warning C4312: "typ rzutowania": konwersja z "int" na "char *" jest większej wielkości
  (kompilowanie pliku źródłowego „Record.cpp”)
  
C:\Users\czuba\source\repos\SBD_PROJ2\SBD_PROJ2\IndexFile.h(25,3): error C2027: wykorzystanie niezdefiniowanego przez użytkownika typu "std::basic_fstream<char,std::char_traits<char>>"
  (kompilowanie pliku źródłowego „Record.cpp”)
      C:\Program Files\Microsoft Visual Studio\2022\Community\VC\Tools\MSVC\14.44.35207\include\iosfwd(209,7):
      zobacz deklarację „std::basic_fstream<char,std::char_traits<char>>”
  
C:\Users\czuba\source\repos\SBD_PROJ2\SBD_PROJ2\IndexFile.h(25,28): error C2065: "R_sizeOfRecord": niezadeklarowany identyfikator
  (kompilowanie pliku źródłowego „Record.cpp”)
  
C:\Users\czuba\source\repos\SBD_PROJ2\SBD_PROJ2\IndexFile.h(30,3): error C2027: wykorzystanie niezdefiniowanego przez użytkownika typu "std::basic_fstream<char,std::char_traits<char>>"
  (kompilowanie pliku źródłowego „Record.cpp”)
      C:\Program Files\Microsoft Visual Studio\2022\Community\VC\Tools\MSVC\14.44.35207\include\iosfwd(209,7):
      zobacz deklarację „std::basic_fstream<char,std::char_traits<char>>”
  
C:\Users\czuba\source\repos\SBD_PROJ2\SBD_PROJ2\IndexFile.h(30,12): warning C4312: "typ rzutowania": konwersja z "int" na "char *" jest większej wielkości
  (kompilowanie pliku źródłowego „Record.cpp”)
  
C:\Users\czuba\source\repos\SBD_PROJ2\SBD_PROJ2\IndexFile.h(31,3): error C2027: wykorzystanie niezdefiniowanego przez użytkownika typu "std::basic_fstream<char,std::char_traits<char>>"
  (kompilowanie pliku źródłowego „Record.cpp”)
      C:\Program Files\Microsoft Visual Studio\2022\Community\VC\Tools\MSVC\14.44.35207\include\iosfwd(209,7):
      zobacz deklarację „std::basic_fstream<char,std::char_traits<char>>”
  
C:\Users\czuba\source\repos\SBD_PROJ2\SBD_PROJ2\IndexFile.h(31,12): warning C4312: "typ rzutowania": konwersja z "int" na "char *" jest większej wielkości
  (kompilowanie pliku źródłowego „Record.cpp”)
  
C:\Users\czuba\source\repos\SBD_PROJ2\SBD_PROJ2\IndexFile.h(32,3): error C2027: wykorzystanie niezdefiniowanego przez użytkownika typu "std::basic_fstream<char,std::char_traits<char>>"
  (kompilowanie pliku źródłowego „Record.cpp”)
      C:\Program Files\Microsoft Visual Studio\2022\Community\VC\Tools\MSVC\14.44.35207\include\iosfwd(209,7):
      zobacz deklarację „std::basic_fstream<char,std::char_traits<char>>”
  
C:\Users\czuba\source\repos\SBD_PROJ2\SBD_PROJ2\IndexFile.h(32,12): warning C4312: "typ rzutowania": konwersja z "int" na "char *" jest większej wielkości
  (kompilowanie pliku źródłowego „Record.cpp”)
  
C:\Users\czuba\source\repos\SBD_PROJ2\SBD_PROJ2\IndexFile.h(33,3): error C2027: wykorzystanie niezdefiniowanego przez użytkownika typu "std::basic_fstream<char,std::char_traits<char>>"
  (kompilowanie pliku źródłowego „Record.cpp”)
      C:\Program Files\Microsoft Visual Studio\2022\Community\VC\Tools\MSVC\14.44.35207\include\iosfwd(209,7):
      zobacz deklarację „std::basic_fstream<char,std::char_traits<char>>”
  
C:\Users\czuba\source\repos\SBD_PROJ2\SBD_PROJ2\IndexFile.h(33,29): error C2065: "R_sizeOfRecord": niezadeklarowany identyfikator
  (kompilowanie pliku źródłowego „Record.cpp”)
  
C:\Users\czuba\source\repos\SBD_PROJ2\SBD_PROJ2\IndexFile.h(46,19): error C3861: "R_sizeOfRecord": identyfikatora nie odnaleziono
  (kompilowanie pliku źródłowego „Record.cpp”)
  
C:\Users\czuba\source\repos\SBD_PROJ2\SBD_PROJ2\IndexFile.h(46,19): error C2065: "R_sizeOfRecord": niezadeklarowany identyfikator
  (kompilowanie pliku źródłowego „Record.cpp”)
  
C:\Users\czuba\source\repos\SBD_PROJ2\SBD_PROJ2\DBM.h(28,18): error C2079: "DBM::overflowManager" używa niezdefiniowanego class "OverflowManager"
  (kompilowanie pliku źródłowego „Record.cpp”)
  
  SBD_PROJ2.cpp
C:\Users\czuba\source\repos\SBD_PROJ2\SBD_PROJ2\IndexFile.h(9,15): error C2065: "R_sizeOfRecord": niezadeklarowany identyfikator
  (kompilowanie pliku źródłowego „SBD_PROJ2.cpp”)
  
C:\Users\czuba\source\repos\SBD_PROJ2\SBD_PROJ2\IndexFile.h(15,22): error C2065: "R_sizeOfRecord": niezadeklarowany identyfikator
  (kompilowanie pliku źródłowego „SBD_PROJ2.cpp”)
  
C:\Users\czuba\source\repos\SBD_PROJ2\SBD_PROJ2\IndexFile.h(16,14): error C3863: nie można przydzielać typu tablicy „char [0]”
  (kompilowanie pliku źródłowego „SBD_PROJ2.cpp”)
  
C:\Users\czuba\source\repos\SBD_PROJ2\SBD_PROJ2\IndexFile.h(22,3): error C2027: wykorzystanie niezdefiniowanego przez użytkownika typu "std::basic_fstream<char,std::char_traits<char>>"
  (kompilowanie pliku źródłowego „SBD_PROJ2.cpp”)
      C:\Program Files\Microsoft Visual Studio\2022\Community\VC\Tools\MSVC\14.44.35207\include\iosfwd(209,7):
      zobacz deklarację „std::basic_fstream<char,std::char_traits<char>>”
  
C:\Users\czuba\source\repos\SBD_PROJ2\SBD_PROJ2\IndexFile.h(22,11): warning C4312: "typ rzutowania": konwersja z "int" na "char *" jest większej wielkości
  (kompilowanie pliku źródłowego „SBD_PROJ2.cpp”)
  
C:\Users\czuba\source\repos\SBD_PROJ2\SBD_PROJ2\IndexFile.h(23,3): error C2027: wykorzystanie niezdefiniowanego przez użytkownika typu "std::basic_fstream<char,std::char_traits<char>>"
  (kompilowanie pliku źródłowego „SBD_PROJ2.cpp”)
      C:\Program Files\Microsoft Visual Studio\2022\Community\VC\Tools\MSVC\14.44.35207\include\iosfwd(209,7):
      zobacz deklarację „std::basic_fstream<char,std::char_traits<char>>”
  
C:\Users\czuba\source\repos\SBD_PROJ2\SBD_PROJ2\IndexFile.h(23,11): warning C4312: "typ rzutowania": konwersja z "int" na "char *" jest większej wielkości
  (kompilowanie pliku źródłowego „SBD_PROJ2.cpp”)
  
C:\Users\czuba\source\repos\SBD_PROJ2\SBD_PROJ2\IndexFile.h(24,3): error C2027: wykorzystanie niezdefiniowanego przez użytkownika typu "std::basic_fstream<char,std::char_traits<char>>"
  (kompilowanie pliku źródłowego „SBD_PROJ2.cpp”)
      C:\Program Files\Microsoft Visual Studio\2022\Community\VC\Tools\MSVC\14.44.35207\include\iosfwd(209,7):
      zobacz deklarację „std::basic_fstream<char,std::char_traits<char>>”
  
C:\Users\czuba\source\repos\SBD_PROJ2\SBD_PROJ2\IndexFile.h(24,11): warning C4312: "typ rzutowania": konwersja z "int" na "char *" jest większej wielkości
  (kompilowanie pliku źródłowego „SBD_PROJ2.cpp”)
  
C:\Users\czuba\source\repos\SBD_PROJ2\SBD_PROJ2\IndexFile.h(25,3): error C2027: wykorzystanie niezdefiniowanego przez użytkownika typu "std::basic_fstream<char,std::char_traits<char>>"
  (kompilowanie pliku źródłowego „SBD_PROJ2.cpp”)
      C:\Program Files\Microsoft Visual Studio\2022\Community\VC\Tools\MSVC\14.44.35207\include\iosfwd(209,7):
      zobacz deklarację „std::basic_fstream<char,std::char_traits<char>>”
  
C:\Users\czuba\source\repos\SBD_PROJ2\SBD_PROJ2\IndexFile.h(25,28): error C2065: "R_sizeOfRecord": niezadeklarowany identyfikator
  (kompilowanie pliku źródłowego „SBD_PROJ2.cpp”)
  
C:\Users\czuba\source\repos\SBD_PROJ2\SBD_PROJ2\IndexFile.h(30,3): error C2027: wykorzystanie niezdefiniowanego przez użytkownika typu "std::basic_fstream<char,std::char_traits<char>>"
  (kompilowanie pliku źródłowego „SBD_PROJ2.cpp”)
      C:\Program Files\Microsoft Visual Studio\2022\Community\VC\Tools\MSVC\14.44.35207\include\iosfwd(209,7):
      zobacz deklarację „std::basic_fstream<char,std::char_traits<char>>”
  
C:\Users\czuba\source\repos\SBD_PROJ2\SBD_PROJ2\IndexFile.h(30,12): warning C4312: "typ rzutowania": konwersja z "int" na "char *" jest większej wielkości
  (kompilowanie pliku źródłowego „SBD_PROJ2.cpp”)
  
C:\Users\czuba\source\repos\SBD_PROJ2\SBD_PROJ2\IndexFile.h(31,3): error C2027: wykorzystanie niezdefiniowanego przez użytkownika typu "std::basic_fstream<char,std::char_traits<char>>"
  (kompilowanie pliku źródłowego „SBD_PROJ2.cpp”)
      C:\Program Files\Microsoft Visual Studio\2022\Community\VC\Tools\MSVC\14.44.35207\include\iosfwd(209,7):
      zobacz deklarację „std::basic_fstream<char,std::char_traits<char>>”
  
C:\Users\czuba\source\repos\SBD_PROJ2\SBD_PROJ2\IndexFile.h(31,12): warning C4312: "typ rzutowania": konwersja z "int" na "char *" jest większej wielkości
  (kompilowanie pliku źródłowego „SBD_PROJ2.cpp”)
  
C:\Users\czuba\source\repos\SBD_PROJ2\SBD_PROJ2\IndexFile.h(32,3): error C2027: wykorzystanie niezdefiniowanego przez użytkownika typu "std::basic_fstream<char,std::char_traits<char>>"
  (kompilowanie pliku źródłowego „SBD_PROJ2.cpp”)
      C:\Program Files\Microsoft Visual Studio\2022\Community\VC\Tools\MSVC\14.44.35207\include\iosfwd(209,7):
      zobacz deklarację „std::basic_fstream<char,std::char_traits<char>>”
  
C:\Users\czuba\source\repos\SBD_PROJ2\SBD_PROJ2\IndexFile.h(32,12): warning C4312: "typ rzutowania": konwersja z "int" na "char *" jest większej wielkości
  (kompilowanie pliku źródłowego „SBD_PROJ2.cpp”)
  
C:\Users\czuba\source\repos\SBD_PROJ2\SBD_PROJ2\IndexFile.h(33,3): error C2027: wykorzystanie niezdefiniowanego przez użytkownika typu "std::basic_fstream<char,std::char_traits<char>>"
  (kompilowanie pliku źródłowego „SBD_PROJ2.cpp”)
      C:\Program Files\Microsoft Visual Studio\2022\Community\VC\Tools\MSVC\14.44.35207\include\iosfwd(209,7):
      zobacz deklarację „std::basic_fstream<char,std::char_traits<char>>”
  
C:\Users\czuba\source\repos\SBD_PROJ2\SBD_PROJ2\IndexFile.h(33,29): error C2065: "R_sizeOfRecord": niezadeklarowany identyfikator
  (kompilowanie pliku źródłowego „SBD_PROJ2.cpp”)
  
C:\Users\czuba\source\repos\SBD_PROJ2\SBD_PROJ2\IndexFile.h(46,19): error C3861: "R_sizeOfRecord": identyfikatora nie odnaleziono
  (kompilowanie pliku źródłowego „SBD_PROJ2.cpp”)
  
C:\Users\czuba\source\repos\SBD_PROJ2\SBD_PROJ2\IndexFile.h(46,19): error C2065: "R_sizeOfRecord": niezadeklarowany identyfikator
  (kompilowanie pliku źródłowego „SBD_PROJ2.cpp”)
  
C:\Users\czuba\source\repos\SBD_PROJ2\SBD_PROJ2\DBM.h(28,18): error C2079: "DBM::overflowManager" używa niezdefiniowanego class "OverflowManager"
  (kompilowanie pliku źródłowego „SBD_PROJ2.cpp”)
  
  Generowanie kodu...
